{
  message: 'Database is connected successfully',
  level: 'info',
  label: 'University Management Success',
  timestamp: '2023-06-10T16:10:19.044Z'
}
{
  message: 'Application listening on port 5000',
  level: 'info',
  label: 'University Management Success',
  timestamp: '2023-06-10T16:10:19.056Z'
}
{
  message: 'Database is connected successfully',
  level: 'info',
  label: 'University Management Success',
  timestamp: '2023-06-10T16:14:17.291Z'
}
{
  message: 'Application listening on port 5000',
  level: 'info',
  label: 'University Management Success',
  timestamp: '2023-06-10T16:14:17.303Z'
}
{
  message: 'Database is connected successfully',
  level: 'info',
  label: 'University Management Success',
  timestamp: '2023-06-10T16:14:49.341Z'
}
{
  message: 'Application listening on port 5000',
  level: 'info',
  label: 'University Management Success',
  timestamp: '2023-06-10T16:14:49.358Z'
}
{
  message: 'Database is connected successfully',
  level: 'info',
  label: 'University Management Success',
  timestamp: '2023-06-10T16:15:51.533Z'
}
{
  message: 'Application listening on port 5000',
  level: 'info',
  label: 'University Management Success',
  timestamp: '2023-06-10T16:15:51.544Z'
}
{
  message: 'Database is connected successfully',
  level: 'info',
  label: 'University Management Success',
  timestamp: '2023-06-10T16:19:39.375Z'
}
{
  message: 'Application listening on port 5000',
  level: 'info',
  label: 'University Management Success',
  timestamp: '2023-06-10T16:19:39.392Z'
}
{
  message: 'Database is connected successfully',
  level: 'info',
  label: 'University Management Success',
  timestamp: '2023-06-10T16:31:16.453Z'
}
{
  message: 'Application listening on port 5000',
  level: 'info',
  label: 'University Management Success',
  timestamp: '2023-06-10T16:31:16.478Z'
}
{
  message: 'Database is connected successfully',
  level: 'info',
  label: 'University Management Success',
  timestamp: '2023-06-10T16:32:05.277Z'
}
{
  message: 'Application listening on port 5000',
  level: 'info',
  label: 'University Management Success',
  timestamp: '2023-06-10T16:32:05.298Z'
}
