{
  message: 'Database is connected successfully',
  level: 'info',
  label: 'University Management Success',
  timestamp: '2023-06-10T11:09:13.753Z'
}
{
  message: 'Application listening on port 5000',
  level: 'info',
  label: 'University Management Success',
  timestamp: '2023-06-10T11:09:13.765Z'
}
{
  message: 'Database is connected successfully',
  level: 'info',
  label: 'University Management Success',
  timestamp: '2023-06-10T11:09:37.928Z'
}
{
  message: 'Application listening on port 5000',
  level: 'info',
  label: 'University Management Success',
  timestamp: '2023-06-10T11:09:37.944Z'
}
{
  message: 'Database is connected successfully',
  level: 'info',
  label: 'University Management Success',
  timestamp: '2023-06-10T11:10:07.175Z'
}
{
  message: 'Application listening on port 5000',
  level: 'info',
  label: 'University Management Success',
  timestamp: '2023-06-10T11:10:07.189Z'
}
{
  message: 'Database is connected successfully',
  level: 'info',
  label: 'University Management Success',
  timestamp: '2023-06-10T11:12:16.375Z'
}
{
  message: 'Application listening on port 5000',
  level: 'info',
  label: 'University Management Success',
  timestamp: '2023-06-10T11:12:16.405Z'
}
{
  message: 'Database is connected successfully',
  level: 'info',
  label: 'University Management Success',
  timestamp: '2023-06-10T11:16:21.732Z'
}
{
  message: 'Application listening on port 5000',
  level: 'info',
  label: 'University Management Success',
  timestamp: '2023-06-10T11:16:21.748Z'
}
{
  message: 'Database is connected successfully',
  level: 'info',
  label: 'University Management Success',
  timestamp: '2023-06-10T11:20:14.143Z'
}
{
  message: 'Application listening on port 5000',
  level: 'info',
  label: 'University Management Success',
  timestamp: '2023-06-10T11:20:14.157Z'
}
{
  message: 'Database is connected successfully',
  level: 'info',
  label: 'University Management Success',
  timestamp: '2023-06-10T11:26:06.647Z'
}
{
  message: 'Application listening on port 5000',
  level: 'info',
  label: 'University Management Success',
  timestamp: '2023-06-10T11:26:06.662Z'
}
{
  message: 'Database is connected successfully',
  level: 'info',
  label: 'University Management Success',
  timestamp: '2023-06-10T11:30:17.621Z'
}
{
  message: 'Application listening on port 5000',
  level: 'info',
  label: 'University Management Success',
  timestamp: '2023-06-10T11:30:17.638Z'
}
{
  message: 'Database is connected successfully',
  level: 'info',
  label: 'University Management Success',
  timestamp: '2023-06-10T11:31:45.558Z'
}
{
  message: 'Application listening on port 5000',
  level: 'info',
  label: 'University Management Success',
  timestamp: '2023-06-10T11:31:45.583Z'
}
