{
  message: 'Failed to connect database Server selection timed out after 30000 ms',
  reason: TopologyDescription {
    type: 'ReplicaSetNoPrimary',
    servers: Map(3) {
      'cluster0-shard-00-00.qhwuq.mongodb.net:27017' => ServerDescription {
        address: 'cluster0-shard-00-00.qhwuq.mongodb.net:27017',
        type: 'RSSecondary',
        hosts: [
          'cluster0-shard-00-00.qhwuq.mongodb.net:27017',
          'cluster0-shard-00-01.qhwuq.mongodb.net:27017',
          'cluster0-shard-00-02.qhwuq.mongodb.net:27017'
        ],
        passives: [],
        arbiters: [],
        tags: {
          provider: 'AWS',
          workloadType: 'OPERATIONAL',
          region: 'US_EAST_1',
          nodeType: 'ELECTABLE'
        },
        minWireVersion: 0,
        maxWireVersion: 17,
        roundTripTime: 900.96,
        lastUpdateTime: 11568042,
        lastWriteDate: 2023-06-10T10:55:14.000Z,
        error: null,
        topologyVersion: {
          processId: new ObjectId("647c2ef0170338d806759bc2"),
          counter: 4
        },
        setName: 'atlas-hu1dfc-shard-0',
        setVersion: 7,
        electionId: null,
        logicalSessionTimeoutMinutes: 30,
        primary: 'cluster0-shard-00-01.qhwuq.mongodb.net:27017',
        me: 'cluster0-shard-00-00.qhwuq.mongodb.net:27017',
        '$clusterTime': {
          clusterTime: new Timestamp({ t: 1686394514, i: 2 }),
          signature: {
            hash: Binary.createFromBase64("06vIFH2ugt/MHvQf0Z/tr33nz7Y=", 0),
            keyId: new Long("7207428896235454471")
          }
        }
      },
      'cluster0-shard-00-01.qhwuq.mongodb.net:27017' => ServerDescription {
        address: 'cluster0-shard-00-01.qhwuq.mongodb.net:27017',
        type: 'Unknown',
        hosts: [],
        passives: [],
        arbiters: [],
        tags: {},
        minWireVersion: 0,
        maxWireVersion: 0,
        roundTripTime: -1,
        lastUpdateTime: 11546190,
        lastWriteDate: 0,
        error: null,
        topologyVersion: null,
        setName: null,
        setVersion: null,
        electionId: null,
        logicalSessionTimeoutMinutes: null,
        primary: null,
        me: null,
        '$clusterTime': null
      },
      'cluster0-shard-00-02.qhwuq.mongodb.net:27017' => ServerDescription {
        address: 'cluster0-shard-00-02.qhwuq.mongodb.net:27017',
        type: 'RSSecondary',
        hosts: [
          'cluster0-shard-00-00.qhwuq.mongodb.net:27017',
          'cluster0-shard-00-01.qhwuq.mongodb.net:27017',
          'cluster0-shard-00-02.qhwuq.mongodb.net:27017'
        ],
        passives: [],
        arbiters: [],
        tags: {
          provider: 'AWS',
          region: 'US_EAST_1',
          nodeType: 'ELECTABLE',
          workloadType: 'OPERATIONAL'
        },
        minWireVersion: 0,
        maxWireVersion: 17,
        roundTripTime: 848.08,
        lastUpdateTime: 11568024,
        lastWriteDate: 2023-06-10T10:55:13.000Z,
        error: null,
        topologyVersion: {
          processId: new ObjectId("647c30c3b22b1f32e2fe71b5"),
          counter: 3
        },
        setName: 'atlas-hu1dfc-shard-0',
        setVersion: 7,
        electionId: null,
        logicalSessionTimeoutMinutes: 30,
        primary: 'cluster0-shard-00-01.qhwuq.mongodb.net:27017',
        me: 'cluster0-shard-00-02.qhwuq.mongodb.net:27017',
        '$clusterTime': {
          clusterTime: new Timestamp({ t: 1686394513, i: 15 }),
          signature: {
            hash: Binary.createFromBase64("j+SxZaPOykUC1ZHjcKxGr4TNSrA=", 0),
            keyId: new Long("7207428896235454471")
          }
        }
      }
    },
    stale: false,
    compatible: true,
    heartbeatFrequencyMS: 10000,
    localThresholdMS: 15,
    setName: 'atlas-hu1dfc-shard-0',
    maxElectionId: null,
    maxSetVersion: null,
    commonWireVersion: 0,
    logicalSessionTimeoutMinutes: 30
  },
  code: undefined,
  level: 'error',
  stack: 'MongooseServerSelectionError: Server selection timed out after 30000 ms\n' +
    '    at _handleConnectionErrors (E:\\Next Level Web Development\\University Management Project\\University-Management-System\\node_modules\\mongoose\\lib\\connection.js:792:11)\n' +
    '    at NativeConnection.openUri (E:\\Next Level Web Development\\University Management Project\\University-Management-System\\node_modules\\mongoose\\lib\\connection.js:767:11)\n' +
    '    at processTicksAndRejections (internal/process/task_queues.js:95:5)',
  label: 'University Management Errors',
  timestamp: '2023-06-10T10:55:23.431Z'
}
